        -:    0:Source:src/utils.c
        -:    0:Graph:tuxquest.gcno
        -:    0:Data:tuxquest.gcda
        -:    0:Runs:1
        -:    0:Programs:1
        -:    1:#include<stdio.h>
        -:    2:#include<stdlib.h>
        -:    3:
        -:    4:/**
        -:    5: *
        -:    6: *@param The parameter to the function is a pointer indicating a filepath to an ascii art file which needs to be printed
        -:    7: *@return the function is a void and therefore does not return a value, it only prints the ascii art it is provided the file path to.
        -:    8: *
        -:    9: */
        -:   10:
       16:   11:void displayImage(const char *filename) {
        -:   12:  char buf[100];
       16:   13:  FILE * fh = fopen(filename,"r");
      207:   14:  while (fgets(buf,sizeof(buf),fh)) {
      191:   15:    printf("%s",buf);
        -:   16:  }
        -:   17:  
       16:   18:  fclose(fh);
       16:   19:}
        -:   20:
        -:   21:
